1717098880318	geckodriver	INFO	Listening on 127.0.0.1:50580
1717098883331	mozrunner::runner	INFO	Running command: "C:\\Program Files\\Mozilla Firefox\\firefox.exe" "--marionette" "-headless" "--remote-debugging-port" "50581" "--remote-allow-hosts" "localhost" "-no-remote" "-profile" "C:\\Users\\limc_\\AppData\\Local\\Temp\\rust_mozprofilewRcgNg"
*** You are running in headless mode.
console.warn: services.settings: Ignoring preference override of remote settings server
console.warn: services.settings: Allow by setting MOZ_REMOTE_SETTINGS_DEVTOOLS=1 in the environment
Dynamically enable window occlusion 0
1717098883653	Marionette	INFO	Marionette enabled
1717098883723	Marionette	INFO	Listening on port 50588
WebDriver BiDi listening on ws://127.0.0.1:50581
Read port: 50588
1717098883895	RemoteAgent	WARN	TLS certificate errors will be ignored for this session
[GFX1-]: RenderCompositorSWGL failed mapping default framebuffer, no dt
console.error: ({})
DevTools listening on ws://127.0.0.1:50581/devtools/browser/b05f6d39-5f9d-4412-93f7-a4444c7c1395
JavaScript error: https://datos.sinim.gov.cl/assets/js/base.js, line 2: ReferenceError: jQuery is not defined
JavaScript error: https://datos.sinim.gov.cl/assets/js/jquery.colorbox-min.js, line 2: ReferenceError: jQuery is not defined
JavaScript error: https://datos.sinim.gov.cl/assets/js/jquery.featureList-1.0.js, line 76: ReferenceError: jQuery is not defined
Exiting due to channel error.
1717098903001	geckodriver	INFO	Listening on 127.0.0.1:50651
1717098906010	mozrunner::runner	INFO	Running command: "C:\\Program Files\\Mozilla Firefox\\firefox.exe" "--marionette" "--remote-debugging-port" "50652" "--remote-allow-hosts" "localhost" "-no-remote" "-profile" "C:\\Users\\limc_\\AppData\\Local\\Temp\\rust_mozprofileHm5Irz"
console.warn: services.settings: Ignoring preference override of remote settings server
console.warn: services.settings: Allow by setting MOZ_REMOTE_SETTINGS_DEVTOOLS=1 in the environment
Dynamically enable window occlusion 0
1717098906406	Marionette	INFO	Marionette enabled
1717098906547	Marionette	INFO	Listening on port 50660
WebDriver BiDi listening on ws://127.0.0.1:50652
Read port: 50660
1717098906810	RemoteAgent	WARN	TLS certificate errors will be ignored for this session
DevTools listening on ws://127.0.0.1:50652/devtools/browser/21b28d5b-6931-4945-8f86-f18510204dd0
JavaScript error: https://datos.sinim.gov.cl/assets/js/base.js, line 2: ReferenceError: jQuery is not defined
JavaScript error: https://datos.sinim.gov.cl/assets/js/jquery.colorbox-min.js, line 2: ReferenceError: jQuery is not defined
JavaScript error: https://datos.sinim.gov.cl/assets/js/jquery.featureList-1.0.js, line 76: ReferenceError: jQuery is not defined
1717098936504	addons.xpi	ERROR	System addon update list error SyntaxError: XMLHttpRequest.open: 'http://%(server)s/dummy-system-addons.xml' is not a valid URL.
console.error: "buildList failed: " ({})
console.error: "buildList failed: " ({})
SourceActor threw an exception: [Exception... "Failed to open input source 'javascript:void(0)'"  nsresult: "0x80040111 (NS_ERROR_NOT_AVAILABLE)"  location: "JS frame :: resource://devtools/shared/DevToolsUtils.js :: mainThreadFetch/< :: line 719"  data: yes]
Stack: mainThreadFetch/<@resource://devtools/shared/DevToolsUtils.js:719:15
mainThreadFetch@resource://devtools/shared/DevToolsUtils.js:566:10
_fetchURLContents@resource://devtools/server/actors/utils/sources-manager.js:465:22
urlContents@resource://devtools/server/actors/utils/sources-manager.js:429:17
_resurrectSource@resource://devtools/server/actors/thread.js:2211:33
addAllSources@resource://devtools/server/actors/thread.js:1531:14
watch@resource://devtools/server/actors/resources/sources.js:83:17
watchResources@resource://devtools/server/actors/resources/index.js:340:15
addOrSetSessionDataEntry@resource://devtools/server/actors/targets/session-data-processors/resources.js:19:21
addOrSetSessionDataEntry@resource://devtools/server/actors/targets/base-target-actor.js:54:23
#addOrSetSessionDataEntry@resource://devtools/server/connectors/js-process-actor/DevToolsProcessChild.sys.mjs:380:21
receiveMessage@resource://devtools/server/connectors/js-process-actor/DevToolsProcessChild.sys.mjs:305:46
Line: 719, column: 0
console.error: ({})
JavaScript error: resource://devtools/shared/DevToolsUtils.js, line 719: NS_ERROR_NOT_AVAILABLE: Failed to open input source 'javascript:void(0)'
console.error: "buildList failed: " ({})
console.error: "buildList failed: " ({})
console.error: "buildList failed: " ({})
console.error: "buildList failed: " ({})
console.error: "buildList failed: " ({})
console.error: "buildList failed: " ({})
console.error: "buildList failed: " ({})
console.error: "buildList failed: " ({})
console.error: "buildList failed: " ({})
console.error: "buildList failed: " ({})
console.error: "buildList failed: " ({})
console.error: "buildList failed: " ({})
console.error: "buildList failed: " ({})
console.error: (new TypeError("parent is null", "resource://devtools/client/inspector/shared/style-change-tracker.js", 67))
TypeError: parent is null: canMutationImpactCurrentStyles@resource://devtools/client/inspector/shared/style-change-tracker.js:67:24
onMutations@resource://devtools/client/inspector/shared/style-change-tracker.js:84:41
_emit@resource://devtools/shared/event-emitter.js:242:32
emit@resource://devtools/shared/event-emitter.js:186:18
emit@resource://devtools/shared/event-emitter.js:330:18
getMutations@resource://devtools/client/fronts/walker.js:321:10

console.error: "buildList failed: " ({})
console.error: "buildList failed: " ({})
console.error: "buildList failed: " ({})
console.error: "buildList failed: " ({})
console.error: "buildList failed: " ({})
console.error: "buildList failed: " ({})
console.error: (new TypeError("parent is null", "resource://devtools/client/inspector/shared/style-change-tracker.js", 67))
TypeError: parent is null: canMutationImpactCurrentStyles@resource://devtools/client/inspector/shared/style-change-tracker.js:67:24
onMutations@resource://devtools/client/inspector/shared/style-change-tracker.js:84:41
_emit@resource://devtools/shared/event-emitter.js:242:32
emit@resource://devtools/shared/event-emitter.js:186:18
emit@resource://devtools/shared/event-emitter.js:330:18
getMutations@resource://devtools/client/fronts/walker.js:321:10

console.error: "buildList failed: " ({})
console.error: "buildList failed: " ({})
console.error: "buildList failed: " ({})
console.error: "buildList failed: " ({})
console.error: "buildList failed: " ({})
console.error: "buildList failed: " ({})
console.error: "buildList failed: " ({})
console.error: "buildList failed: " ({})
console.error: "buildList failed: " ({})
console.error: "buildList failed: " ({})
console.error: "buildList failed: " ({})
console.error: "buildList failed: " ({})
console.error: "buildList failed: " ({})
console.error: "buildList failed: " ({})
console.error: "buildList failed: " ({})
console.error: "buildList failed: " ({})
console.error: "buildList failed: " ({})
console.error: "buildList failed: " ({})
console.error: "buildList failed: " ({})
console.error: "buildList failed: " ({})
console.error: "buildList failed: " ({})
console.error: "buildList failed: " ({})
console.error: "buildList failed: " ({})
console.error: "buildList failed: " ({})
console.error: "buildList failed: " ({})
console.error: "buildList failed: " ({})
console.error: "buildList failed: " ({})
console.error: "buildList failed: " ({})
console.error: "buildList failed: " ({})
console.error: "buildList failed: " ({})
JavaScript error: resource://gre/modules/AsyncShutdown.sys.mjs, line 569: NotFoundError: No such JSProcessActor 'DevToolsProcess'
JavaScript error: resource://gre/modules/AsyncShutdown.sys.mjs, line 569: NotFoundError: No such JSProcessActor 'DevToolsProcess'
JavaScript error: resource://gre/modules/AsyncShutdown.sys.mjs, line 569: NotFoundError: No such JSProcessActor 'DevToolsProcess'
1717120928365	Marionette	INFO	Stopped listening on port 50660
Dynamically enable window occlusion 1
